<?xml version="1.0" encoding="utf-8"?>
<testsuites>
<testsuite package="org.eslint" time="0" tests="32" errors="32" name="/home/projects/github-fchm8v/test/bootstrap.test.js">
<testcase time="0" name="org.eslint.no-var"><failure message="Unexpected var, use let or const instead."><![CDATA[line 1, col 1, Error - Unexpected var, use let or const instead. (no-var)]]></failure></testcase>
<testcase time="0" name="org.eslint.quotes"><failure message="Strings must use doublequote."><![CDATA[line 1, col 21, Error - Strings must use doublequote. (quotes)]]></failure></testcase>
<testcase time="0" name="org.eslint.no-var"><failure message="Unexpected var, use let or const instead."><![CDATA[line 2, col 1, Error - Unexpected var, use let or const instead. (no-var)]]></failure></testcase>
<testcase time="0" name="org.eslint.quotes"><failure message="Strings must use doublequote."><![CDATA[line 2, col 23, Error - Strings must use doublequote. (quotes)]]></failure></testcase>
<testcase time="0" name="org.eslint.import/newline-after-import"><failure message="Expected 1 empty line after require statement not followed by another require."><![CDATA[line 3, col 1, Error - Expected 1 empty line after require statement not followed by another require. (import/newline-after-import)]]></failure></testcase>
<testcase time="0" name="org.eslint.quotes"><failure message="Strings must use doublequote."><![CDATA[line 3, col 23, Error - Strings must use doublequote. (quotes)]]></failure></testcase>
<testcase time="0" name="org.eslint.no-undef"><failure message="&apos;chai&apos; is not defined."><![CDATA[line 4, col 17, Error - &apos;chai&apos; is not defined. (no-undef)]]></failure></testcase>
<testcase time="0" name="org.eslint.quotes"><failure message="Strings must use doublequote."><![CDATA[line 6, col 9, Error - Strings must use doublequote. (quotes)]]></failure></testcase>
<testcase time="0" name="org.eslint.no-undef"><failure message="&apos;before&apos; is not defined."><![CDATA[line 8, col 1, Error - &apos;before&apos; is not defined. (no-undef)]]></failure></testcase>
<testcase time="0" name="org.eslint.func-names"><failure message="Unexpected unnamed function."><![CDATA[line 8, col 8, Warning - Unexpected unnamed function. (func-names)]]></failure></testcase>
<testcase time="0" name="org.eslint.prefer-arrow-callback"><failure message="Unexpected function expression."><![CDATA[line 8, col 8, Error - Unexpected function expression. (prefer-arrow-callback)]]></failure></testcase>
<testcase time="0" name="org.eslint.space-before-function-paren"><failure message="Missing space before function parentheses."><![CDATA[line 8, col 16, Error - Missing space before function parentheses. (space-before-function-paren)]]></failure></testcase>
<testcase time="0" name="org.eslint.padded-blocks"><failure message="Block must not be padded by blank lines."><![CDATA[line 8, col 23, Error - Block must not be padded by blank lines. (padded-blocks)]]></failure></testcase>
<testcase time="0" name="org.eslint.quotes"><failure message="Strings must use doublequote."><![CDATA[line 12, col 14, Error - Strings must use doublequote. (quotes)]]></failure></testcase>
<testcase time="0" name="org.eslint.comma-dangle"><failure message="Missing trailing comma."><![CDATA[line 12, col 21, Error - Missing trailing comma. (comma-dangle)]]></failure></testcase>
<testcase time="0" name="org.eslint.quotes"><failure message="Strings must use doublequote."><![CDATA[line 15, col 19, Error - Strings must use doublequote. (quotes)]]></failure></testcase>
<testcase time="0" name="org.eslint.quotes"><failure message="Strings must use doublequote."><![CDATA[line 16, col 16, Error - Strings must use doublequote. (quotes)]]></failure></testcase>
<testcase time="0" name="org.eslint.comma-dangle"><failure message="Missing trailing comma."><![CDATA[line 16, col 22, Error - Missing trailing comma. (comma-dangle)]]></failure></testcase>
<testcase time="0" name="org.eslint.comma-dangle"><failure message="Missing trailing comma."><![CDATA[line 17, col 6, Error - Missing trailing comma. (comma-dangle)]]></failure></testcase>
<testcase time="0" name="org.eslint.func-names"><failure message="Unexpected unnamed function."><![CDATA[line 18, col 6, Warning - Unexpected unnamed function. (func-names)]]></failure></testcase>
<testcase time="0" name="org.eslint.prefer-arrow-callback"><failure message="Unexpected function expression."><![CDATA[line 18, col 6, Error - Unexpected function expression. (prefer-arrow-callback)]]></failure></testcase>
<testcase time="0" name="org.eslint.space-before-function-paren"><failure message="Missing space before function parentheses."><![CDATA[line 18, col 14, Error - Missing space before function parentheses. (space-before-function-paren)]]></failure></testcase>
<testcase time="0" name="org.eslint.curly"><failure message="Expected { after &apos;if&apos; condition."><![CDATA[line 19, col 5, Error - Expected { after &apos;if&apos; condition. (curly)]]></failure></testcase>
<testcase time="0" name="org.eslint.no-else-return"><failure message="Unnecessary &apos;else&apos; after &apos;return&apos;."><![CDATA[line 21, col 10, Error - Unnecessary &apos;else&apos; after &apos;return&apos;. (no-else-return)]]></failure></testcase>
<testcase time="0" name="org.eslint.vars-on-top"><failure message="All &apos;var&apos; declarations must be at the top of the function scope."><![CDATA[line 22, col 7, Error - All &apos;var&apos; declarations must be at the top of the function scope. (vars-on-top)]]></failure></testcase>
<testcase time="0" name="org.eslint.no-var"><failure message="Unexpected var, use let or const instead."><![CDATA[line 22, col 7, Error - Unexpected var, use let or const instead. (no-var)]]></failure></testcase>
<testcase time="0" name="org.eslint.no-undef"><failure message="&apos;fixtures&apos; is not defined."><![CDATA[line 23, col 7, Error - &apos;fixtures&apos; is not defined. (no-undef)]]></failure></testcase>
<testcase time="0" name="org.eslint.no-undef"><failure message="&apos;after&apos; is not defined."><![CDATA[line 30, col 1, Error - &apos;after&apos; is not defined. (no-undef)]]></failure></testcase>
<testcase time="0" name="org.eslint.func-names"><failure message="Unexpected unnamed function."><![CDATA[line 30, col 7, Warning - Unexpected unnamed function. (func-names)]]></failure></testcase>
<testcase time="0" name="org.eslint.prefer-arrow-callback"><failure message="Unexpected function expression."><![CDATA[line 30, col 7, Error - Unexpected function expression. (prefer-arrow-callback)]]></failure></testcase>
<testcase time="0" name="org.eslint.space-before-function-paren"><failure message="Missing space before function parentheses."><![CDATA[line 30, col 15, Error - Missing space before function parentheses. (space-before-function-paren)]]></failure></testcase>
<testcase time="0" name="org.eslint.no-console"><failure message="Unexpected console statement."><![CDATA[line 31, col 3, Warning - Unexpected console statement. (no-console)]]></failure></testcase>
</testsuite>
<testsuite package="org.eslint" time="0" tests="32" errors="32" name="/home/projects/github-fchm8v/test/controllers/AccessoriesController.test.js">
<testcase time="0" name="org.eslint.no-var"><failure message="Unexpected var, use let or const instead."><![CDATA[line 1, col 1, Error - Unexpected var, use let or const instead. (no-var)]]></failure></testcase>
<testcase time="0" name="org.eslint.quotes"><failure message="Strings must use doublequote."><![CDATA[line 1, col 25, Error - Strings must use doublequote. (quotes)]]></failure></testcase>
<testcase time="0" name="org.eslint.no-var"><failure message="Unexpected var, use let or const instead."><![CDATA[line 2, col 1, Error - Unexpected var, use let or const instead. (no-var)]]></failure></testcase>
<testcase time="0" name="org.eslint.no-unused-vars"><failure message="&apos;assert&apos; is assigned a value but never used."><![CDATA[line 2, col 5, Error - &apos;assert&apos; is assigned a value but never used. (no-unused-vars)]]></failure></testcase>
<testcase time="0" name="org.eslint.quotes"><failure message="Strings must use doublequote."><![CDATA[line 2, col 22, Error - Strings must use doublequote. (quotes)]]></failure></testcase>
<testcase time="0" name="org.eslint.no-var"><failure message="Unexpected var, use let or const instead."><![CDATA[line 4, col 1, Error - Unexpected var, use let or const instead. (no-var)]]></failure></testcase>
<testcase time="0" name="org.eslint.no-unused-vars"><failure message="&apos;createdSegment&apos; is defined but never used."><![CDATA[line 4, col 5, Error - &apos;createdSegment&apos; is defined but never used. (no-unused-vars)]]></failure></testcase>
<testcase time="0" name="org.eslint.quotes"><failure message="Strings must use doublequote."><![CDATA[line 5, col 9, Error - Strings must use doublequote. (quotes)]]></failure></testcase>
<testcase time="0" name="org.eslint.vars-on-top"><failure message="All &apos;var&apos; declarations must be at the top of the function scope."><![CDATA[line 7, col 1, Error - All &apos;var&apos; declarations must be at the top of the function scope. (vars-on-top)]]></failure></testcase>
<testcase time="0" name="org.eslint.no-var"><failure message="Unexpected var, use let or const instead."><![CDATA[line 7, col 1, Error - Unexpected var, use let or const instead. (no-var)]]></failure></testcase>
<testcase time="0" name="org.eslint.no-unused-vars"><failure message="&apos;accessories&apos; is assigned a value but never used."><![CDATA[line 7, col 5, Error - &apos;accessories&apos; is assigned a value but never used. (no-unused-vars)]]></failure></testcase>
<testcase time="0" name="org.eslint.quotes"><failure message="Strings must use doublequote."><![CDATA[line 7, col 27, Error - Strings must use doublequote. (quotes)]]></failure></testcase>
<testcase time="0" name="org.eslint.no-undef"><failure message="&apos;describe&apos; is not defined."><![CDATA[line 9, col 1, Error - &apos;describe&apos; is not defined. (no-undef)]]></failure></testcase>
<testcase time="0" name="org.eslint.quotes"><failure message="Strings must use doublequote."><![CDATA[line 9, col 10, Error - Strings must use doublequote. (quotes)]]></failure></testcase>
<testcase time="0" name="org.eslint.func-names"><failure message="Unexpected unnamed function."><![CDATA[line 9, col 36, Warning - Unexpected unnamed function. (func-names)]]></failure></testcase>
<testcase time="0" name="org.eslint.prefer-arrow-callback"><failure message="Unexpected function expression."><![CDATA[line 9, col 36, Error - Unexpected function expression. (prefer-arrow-callback)]]></failure></testcase>
<testcase time="0" name="org.eslint.space-before-function-paren"><failure message="Missing space before function parentheses."><![CDATA[line 9, col 44, Error - Missing space before function parentheses. (space-before-function-paren)]]></failure></testcase>
<testcase time="0" name="org.eslint.padded-blocks"><failure message="Block must not be padded by blank lines."><![CDATA[line 9, col 47, Error - Block must not be padded by blank lines. (padded-blocks)]]></failure></testcase>
<testcase time="0" name="org.eslint.no-trailing-spaces"><failure message="Trailing spaces not allowed."><![CDATA[line 10, col 1, Error - Trailing spaces not allowed. (no-trailing-spaces)]]></failure></testcase>
<testcase time="0" name="org.eslint.no-undef"><failure message="&apos;it&apos; is not defined."><![CDATA[line 11, col 3, Error - &apos;it&apos; is not defined. (no-undef)]]></failure></testcase>
<testcase time="0" name="org.eslint.quotes"><failure message="Strings must use doublequote."><![CDATA[line 11, col 6, Error - Strings must use doublequote. (quotes)]]></failure></testcase>
<testcase time="0" name="org.eslint.func-names"><failure message="Unexpected unnamed function."><![CDATA[line 11, col 20, Warning - Unexpected unnamed function. (func-names)]]></failure></testcase>
<testcase time="0" name="org.eslint.prefer-arrow-callback"><failure message="Unexpected function expression."><![CDATA[line 11, col 20, Error - Unexpected function expression. (prefer-arrow-callback)]]></failure></testcase>
<testcase time="0" name="org.eslint.space-before-function-paren"><failure message="Missing space before function parentheses."><![CDATA[line 11, col 28, Error - Missing space before function parentheses. (space-before-function-paren)]]></failure></testcase>
<testcase time="0" name="org.eslint.no-var"><failure message="Unexpected var, use let or const instead."><![CDATA[line 12, col 5, Error - Unexpected var, use let or const instead. (no-var)]]></failure></testcase>
<testcase time="0" name="org.eslint.no-undef"><failure message="&apos;sails&apos; is not defined."><![CDATA[line 12, col 33, Error - &apos;sails&apos; is not defined. (no-undef)]]></failure></testcase>
<testcase time="0" name="org.eslint.quotes"><failure message="Strings must use doublequote."><![CDATA[line 14, col 12, Error - Strings must use doublequote. (quotes)]]></failure></testcase>
<testcase time="0" name="org.eslint.func-names"><failure message="Unexpected unnamed function."><![CDATA[line 17, col 12, Warning - Unexpected unnamed function. (func-names)]]></failure></testcase>
<testcase time="0" name="org.eslint.prefer-arrow-callback"><failure message="Unexpected function expression."><![CDATA[line 17, col 12, Error - Unexpected function expression. (prefer-arrow-callback)]]></failure></testcase>
<testcase time="0" name="org.eslint.space-before-function-paren"><failure message="Missing space before function parentheses."><![CDATA[line 17, col 20, Error - Missing space before function parentheses. (space-before-function-paren)]]></failure></testcase>
<testcase time="0" name="org.eslint.padded-blocks"><failure message="Block must not be padded by blank lines."><![CDATA[line 27, col 1, Error - Block must not be padded by blank lines. (padded-blocks)]]></failure></testcase>
<testcase time="0" name="org.eslint.eol-last"><failure message="Newline required at end of file but not found."><![CDATA[line 27, col 4, Error - Newline required at end of file but not found. (eol-last)]]></failure></testcase>
</testsuite>
<testsuite package="org.eslint" time="0" tests="32" errors="32" name="/home/projects/github-fchm8v/test/controllers/CarsController.test.js">
<testcase time="0" name="org.eslint.no-var"><failure message="Unexpected var, use let or const instead."><![CDATA[line 1, col 1, Error - Unexpected var, use let or const instead. (no-var)]]></failure></testcase>
<testcase time="0" name="org.eslint.quotes"><failure message="Strings must use doublequote."><![CDATA[line 1, col 25, Error - Strings must use doublequote. (quotes)]]></failure></testcase>
<testcase time="0" name="org.eslint.no-var"><failure message="Unexpected var, use let or const instead."><![CDATA[line 2, col 1, Error - Unexpected var, use let or const instead. (no-var)]]></failure></testcase>
<testcase time="0" name="org.eslint.no-unused-vars"><failure message="&apos;assert&apos; is assigned a value but never used."><![CDATA[line 2, col 5, Error - &apos;assert&apos; is assigned a value but never used. (no-unused-vars)]]></failure></testcase>
<testcase time="0" name="org.eslint.quotes"><failure message="Strings must use doublequote."><![CDATA[line 2, col 22, Error - Strings must use doublequote. (quotes)]]></failure></testcase>
<testcase time="0" name="org.eslint.no-var"><failure message="Unexpected var, use let or const instead."><![CDATA[line 4, col 1, Error - Unexpected var, use let or const instead. (no-var)]]></failure></testcase>
<testcase time="0" name="org.eslint.no-unused-vars"><failure message="&apos;createdSegment&apos; is defined but never used."><![CDATA[line 4, col 5, Error - &apos;createdSegment&apos; is defined but never used. (no-unused-vars)]]></failure></testcase>
<testcase time="0" name="org.eslint.quotes"><failure message="Strings must use doublequote."><![CDATA[line 5, col 9, Error - Strings must use doublequote. (quotes)]]></failure></testcase>
<testcase time="0" name="org.eslint.vars-on-top"><failure message="All &apos;var&apos; declarations must be at the top of the function scope."><![CDATA[line 7, col 1, Error - All &apos;var&apos; declarations must be at the top of the function scope. (vars-on-top)]]></failure></testcase>
<testcase time="0" name="org.eslint.no-var"><failure message="Unexpected var, use let or const instead."><![CDATA[line 7, col 1, Error - Unexpected var, use let or const instead. (no-var)]]></failure></testcase>
<testcase time="0" name="org.eslint.no-unused-vars"><failure message="&apos;accessories&apos; is assigned a value but never used."><![CDATA[line 7, col 5, Error - &apos;accessories&apos; is assigned a value but never used. (no-unused-vars)]]></failure></testcase>
<testcase time="0" name="org.eslint.quotes"><failure message="Strings must use doublequote."><![CDATA[line 7, col 27, Error - Strings must use doublequote. (quotes)]]></failure></testcase>
<testcase time="0" name="org.eslint.no-undef"><failure message="&apos;describe&apos; is not defined."><![CDATA[line 9, col 1, Error - &apos;describe&apos; is not defined. (no-undef)]]></failure></testcase>
<testcase time="0" name="org.eslint.quotes"><failure message="Strings must use doublequote."><![CDATA[line 9, col 10, Error - Strings must use doublequote. (quotes)]]></failure></testcase>
<testcase time="0" name="org.eslint.func-names"><failure message="Unexpected unnamed function."><![CDATA[line 9, col 36, Warning - Unexpected unnamed function. (func-names)]]></failure></testcase>
<testcase time="0" name="org.eslint.prefer-arrow-callback"><failure message="Unexpected function expression."><![CDATA[line 9, col 36, Error - Unexpected function expression. (prefer-arrow-callback)]]></failure></testcase>
<testcase time="0" name="org.eslint.space-before-function-paren"><failure message="Missing space before function parentheses."><![CDATA[line 9, col 44, Error - Missing space before function parentheses. (space-before-function-paren)]]></failure></testcase>
<testcase time="0" name="org.eslint.padded-blocks"><failure message="Block must not be padded by blank lines."><![CDATA[line 9, col 47, Error - Block must not be padded by blank lines. (padded-blocks)]]></failure></testcase>
<testcase time="0" name="org.eslint.no-trailing-spaces"><failure message="Trailing spaces not allowed."><![CDATA[line 10, col 1, Error - Trailing spaces not allowed. (no-trailing-spaces)]]></failure></testcase>
<testcase time="0" name="org.eslint.no-undef"><failure message="&apos;it&apos; is not defined."><![CDATA[line 11, col 3, Error - &apos;it&apos; is not defined. (no-undef)]]></failure></testcase>
<testcase time="0" name="org.eslint.quotes"><failure message="Strings must use doublequote."><![CDATA[line 11, col 6, Error - Strings must use doublequote. (quotes)]]></failure></testcase>
<testcase time="0" name="org.eslint.func-names"><failure message="Unexpected unnamed function."><![CDATA[line 11, col 18, Warning - Unexpected unnamed function. (func-names)]]></failure></testcase>
<testcase time="0" name="org.eslint.prefer-arrow-callback"><failure message="Unexpected function expression."><![CDATA[line 11, col 18, Error - Unexpected function expression. (prefer-arrow-callback)]]></failure></testcase>
<testcase time="0" name="org.eslint.space-before-function-paren"><failure message="Missing space before function parentheses."><![CDATA[line 11, col 26, Error - Missing space before function parentheses. (space-before-function-paren)]]></failure></testcase>
<testcase time="0" name="org.eslint.no-var"><failure message="Unexpected var, use let or const instead."><![CDATA[line 12, col 5, Error - Unexpected var, use let or const instead. (no-var)]]></failure></testcase>
<testcase time="0" name="org.eslint.no-undef"><failure message="&apos;sails&apos; is not defined."><![CDATA[line 12, col 33, Error - &apos;sails&apos; is not defined. (no-undef)]]></failure></testcase>
<testcase time="0" name="org.eslint.quotes"><failure message="Strings must use doublequote."><![CDATA[line 14, col 12, Error - Strings must use doublequote. (quotes)]]></failure></testcase>
<testcase time="0" name="org.eslint.func-names"><failure message="Unexpected unnamed function."><![CDATA[line 17, col 12, Warning - Unexpected unnamed function. (func-names)]]></failure></testcase>
<testcase time="0" name="org.eslint.prefer-arrow-callback"><failure message="Unexpected function expression."><![CDATA[line 17, col 12, Error - Unexpected function expression. (prefer-arrow-callback)]]></failure></testcase>
<testcase time="0" name="org.eslint.space-before-function-paren"><failure message="Missing space before function parentheses."><![CDATA[line 17, col 20, Error - Missing space before function parentheses. (space-before-function-paren)]]></failure></testcase>
<testcase time="0" name="org.eslint.padded-blocks"><failure message="Block must not be padded by blank lines."><![CDATA[line 27, col 1, Error - Block must not be padded by blank lines. (padded-blocks)]]></failure></testcase>
<testcase time="0" name="org.eslint.eol-last"><failure message="Newline required at end of file but not found."><![CDATA[line 27, col 4, Error - Newline required at end of file but not found. (eol-last)]]></failure></testcase>
</testsuite>
<testsuite package="org.eslint" time="0" tests="32" errors="32" name="/home/projects/github-fchm8v/test/controllers/ManufacturerController.test.js">
<testcase time="0" name="org.eslint.no-var"><failure message="Unexpected var, use let or const instead."><![CDATA[line 1, col 1, Error - Unexpected var, use let or const instead. (no-var)]]></failure></testcase>
<testcase time="0" name="org.eslint.quotes"><failure message="Strings must use doublequote."><![CDATA[line 1, col 25, Error - Strings must use doublequote. (quotes)]]></failure></testcase>
<testcase time="0" name="org.eslint.no-var"><failure message="Unexpected var, use let or const instead."><![CDATA[line 2, col 1, Error - Unexpected var, use let or const instead. (no-var)]]></failure></testcase>
<testcase time="0" name="org.eslint.no-unused-vars"><failure message="&apos;assert&apos; is assigned a value but never used."><![CDATA[line 2, col 5, Error - &apos;assert&apos; is assigned a value but never used. (no-unused-vars)]]></failure></testcase>
<testcase time="0" name="org.eslint.quotes"><failure message="Strings must use doublequote."><![CDATA[line 2, col 22, Error - Strings must use doublequote. (quotes)]]></failure></testcase>
<testcase time="0" name="org.eslint.no-var"><failure message="Unexpected var, use let or const instead."><![CDATA[line 4, col 1, Error - Unexpected var, use let or const instead. (no-var)]]></failure></testcase>
<testcase time="0" name="org.eslint.no-unused-vars"><failure message="&apos;createdSegment&apos; is defined but never used."><![CDATA[line 4, col 5, Error - &apos;createdSegment&apos; is defined but never used. (no-unused-vars)]]></failure></testcase>
<testcase time="0" name="org.eslint.quotes"><failure message="Strings must use doublequote."><![CDATA[line 5, col 9, Error - Strings must use doublequote. (quotes)]]></failure></testcase>
<testcase time="0" name="org.eslint.vars-on-top"><failure message="All &apos;var&apos; declarations must be at the top of the function scope."><![CDATA[line 7, col 1, Error - All &apos;var&apos; declarations must be at the top of the function scope. (vars-on-top)]]></failure></testcase>
<testcase time="0" name="org.eslint.no-var"><failure message="Unexpected var, use let or const instead."><![CDATA[line 7, col 1, Error - Unexpected var, use let or const instead. (no-var)]]></failure></testcase>
<testcase time="0" name="org.eslint.no-unused-vars"><failure message="&apos;accessories&apos; is assigned a value but never used."><![CDATA[line 7, col 5, Error - &apos;accessories&apos; is assigned a value but never used. (no-unused-vars)]]></failure></testcase>
<testcase time="0" name="org.eslint.quotes"><failure message="Strings must use doublequote."><![CDATA[line 7, col 27, Error - Strings must use doublequote. (quotes)]]></failure></testcase>
<testcase time="0" name="org.eslint.no-undef"><failure message="&apos;describe&apos; is not defined."><![CDATA[line 9, col 1, Error - &apos;describe&apos; is not defined. (no-undef)]]></failure></testcase>
<testcase time="0" name="org.eslint.quotes"><failure message="Strings must use doublequote."><![CDATA[line 9, col 10, Error - Strings must use doublequote. (quotes)]]></failure></testcase>
<testcase time="0" name="org.eslint.func-names"><failure message="Unexpected unnamed function."><![CDATA[line 9, col 36, Warning - Unexpected unnamed function. (func-names)]]></failure></testcase>
<testcase time="0" name="org.eslint.prefer-arrow-callback"><failure message="Unexpected function expression."><![CDATA[line 9, col 36, Error - Unexpected function expression. (prefer-arrow-callback)]]></failure></testcase>
<testcase time="0" name="org.eslint.space-before-function-paren"><failure message="Missing space before function parentheses."><![CDATA[line 9, col 44, Error - Missing space before function parentheses. (space-before-function-paren)]]></failure></testcase>
<testcase time="0" name="org.eslint.padded-blocks"><failure message="Block must not be padded by blank lines."><![CDATA[line 9, col 47, Error - Block must not be padded by blank lines. (padded-blocks)]]></failure></testcase>
<testcase time="0" name="org.eslint.no-trailing-spaces"><failure message="Trailing spaces not allowed."><![CDATA[line 10, col 1, Error - Trailing spaces not allowed. (no-trailing-spaces)]]></failure></testcase>
<testcase time="0" name="org.eslint.no-undef"><failure message="&apos;it&apos; is not defined."><![CDATA[line 11, col 3, Error - &apos;it&apos; is not defined. (no-undef)]]></failure></testcase>
<testcase time="0" name="org.eslint.quotes"><failure message="Strings must use doublequote."><![CDATA[line 11, col 6, Error - Strings must use doublequote. (quotes)]]></failure></testcase>
<testcase time="0" name="org.eslint.func-names"><failure message="Unexpected unnamed function."><![CDATA[line 11, col 27, Warning - Unexpected unnamed function. (func-names)]]></failure></testcase>
<testcase time="0" name="org.eslint.prefer-arrow-callback"><failure message="Unexpected function expression."><![CDATA[line 11, col 27, Error - Unexpected function expression. (prefer-arrow-callback)]]></failure></testcase>
<testcase time="0" name="org.eslint.space-before-function-paren"><failure message="Missing space before function parentheses."><![CDATA[line 11, col 35, Error - Missing space before function parentheses. (space-before-function-paren)]]></failure></testcase>
<testcase time="0" name="org.eslint.no-var"><failure message="Unexpected var, use let or const instead."><![CDATA[line 12, col 5, Error - Unexpected var, use let or const instead. (no-var)]]></failure></testcase>
<testcase time="0" name="org.eslint.no-undef"><failure message="&apos;sails&apos; is not defined."><![CDATA[line 12, col 33, Error - &apos;sails&apos; is not defined. (no-undef)]]></failure></testcase>
<testcase time="0" name="org.eslint.quotes"><failure message="Strings must use doublequote."><![CDATA[line 14, col 12, Error - Strings must use doublequote. (quotes)]]></failure></testcase>
<testcase time="0" name="org.eslint.func-names"><failure message="Unexpected unnamed function."><![CDATA[line 17, col 12, Warning - Unexpected unnamed function. (func-names)]]></failure></testcase>
<testcase time="0" name="org.eslint.prefer-arrow-callback"><failure message="Unexpected function expression."><![CDATA[line 17, col 12, Error - Unexpected function expression. (prefer-arrow-callback)]]></failure></testcase>
<testcase time="0" name="org.eslint.space-before-function-paren"><failure message="Missing space before function parentheses."><![CDATA[line 17, col 20, Error - Missing space before function parentheses. (space-before-function-paren)]]></failure></testcase>
<testcase time="0" name="org.eslint.padded-blocks"><failure message="Block must not be padded by blank lines."><![CDATA[line 27, col 1, Error - Block must not be padded by blank lines. (padded-blocks)]]></failure></testcase>
<testcase time="0" name="org.eslint.eol-last"><failure message="Newline required at end of file but not found."><![CDATA[line 27, col 4, Error - Newline required at end of file but not found. (eol-last)]]></failure></testcase>
</testsuite>
<testsuite package="org.eslint" time="0" tests="26" errors="26" name="/home/projects/github-fchm8v/test/controllers/SegmentController.test.js">
<testcase time="0" name="org.eslint.no-var"><failure message="Unexpected var, use let or const instead."><![CDATA[line 1, col 1, Error - Unexpected var, use let or const instead. (no-var)]]></failure></testcase>
<testcase time="0" name="org.eslint.quotes"><failure message="Strings must use doublequote."><![CDATA[line 1, col 25, Error - Strings must use doublequote. (quotes)]]></failure></testcase>
<testcase time="0" name="org.eslint.no-var"><failure message="Unexpected var, use let or const instead."><![CDATA[line 2, col 1, Error - Unexpected var, use let or const instead. (no-var)]]></failure></testcase>
<testcase time="0" name="org.eslint.no-unused-vars"><failure message="&apos;assert&apos; is assigned a value but never used."><![CDATA[line 2, col 5, Error - &apos;assert&apos; is assigned a value but never used. (no-unused-vars)]]></failure></testcase>
<testcase time="0" name="org.eslint.quotes"><failure message="Strings must use doublequote."><![CDATA[line 2, col 22, Error - Strings must use doublequote. (quotes)]]></failure></testcase>
<testcase time="0" name="org.eslint.no-var"><failure message="Unexpected var, use let or const instead."><![CDATA[line 4, col 1, Error - Unexpected var, use let or const instead. (no-var)]]></failure></testcase>
<testcase time="0" name="org.eslint.no-unused-vars"><failure message="&apos;createdSegment&apos; is defined but never used."><![CDATA[line 4, col 5, Error - &apos;createdSegment&apos; is defined but never used. (no-unused-vars)]]></failure></testcase>
<testcase time="0" name="org.eslint.quotes"><failure message="Strings must use doublequote."><![CDATA[line 5, col 9, Error - Strings must use doublequote. (quotes)]]></failure></testcase>
<testcase time="0" name="org.eslint.no-undef"><failure message="&apos;describe&apos; is not defined."><![CDATA[line 7, col 1, Error - &apos;describe&apos; is not defined. (no-undef)]]></failure></testcase>
<testcase time="0" name="org.eslint.quotes"><failure message="Strings must use doublequote."><![CDATA[line 7, col 10, Error - Strings must use doublequote. (quotes)]]></failure></testcase>
<testcase time="0" name="org.eslint.func-names"><failure message="Unexpected unnamed function."><![CDATA[line 7, col 32, Warning - Unexpected unnamed function. (func-names)]]></failure></testcase>
<testcase time="0" name="org.eslint.prefer-arrow-callback"><failure message="Unexpected function expression."><![CDATA[line 7, col 32, Error - Unexpected function expression. (prefer-arrow-callback)]]></failure></testcase>
<testcase time="0" name="org.eslint.space-before-function-paren"><failure message="Missing space before function parentheses."><![CDATA[line 7, col 40, Error - Missing space before function parentheses. (space-before-function-paren)]]></failure></testcase>
<testcase time="0" name="org.eslint.no-undef"><failure message="&apos;it&apos; is not defined."><![CDATA[line 8, col 3, Error - &apos;it&apos; is not defined. (no-undef)]]></failure></testcase>
<testcase time="0" name="org.eslint.quotes"><failure message="Strings must use doublequote."><![CDATA[line 8, col 6, Error - Strings must use doublequote. (quotes)]]></failure></testcase>
<testcase time="0" name="org.eslint.func-names"><failure message="Unexpected unnamed function."><![CDATA[line 8, col 22, Warning - Unexpected unnamed function. (func-names)]]></failure></testcase>
<testcase time="0" name="org.eslint.prefer-arrow-callback"><failure message="Unexpected function expression."><![CDATA[line 8, col 22, Error - Unexpected function expression. (prefer-arrow-callback)]]></failure></testcase>
<testcase time="0" name="org.eslint.space-before-function-paren"><failure message="Missing space before function parentheses."><![CDATA[line 8, col 30, Error - Missing space before function parentheses. (space-before-function-paren)]]></failure></testcase>
<testcase time="0" name="org.eslint.no-var"><failure message="Unexpected var, use let or const instead."><![CDATA[line 9, col 5, Error - Unexpected var, use let or const instead. (no-var)]]></failure></testcase>
<testcase time="0" name="org.eslint.no-undef"><failure message="&apos;sails&apos; is not defined."><![CDATA[line 9, col 33, Error - &apos;sails&apos; is not defined. (no-undef)]]></failure></testcase>
<testcase time="0" name="org.eslint.quotes"><failure message="Strings must use doublequote."><![CDATA[line 11, col 12, Error - Strings must use doublequote. (quotes)]]></failure></testcase>
<testcase time="0" name="org.eslint.func-names"><failure message="Unexpected unnamed function."><![CDATA[line 14, col 12, Warning - Unexpected unnamed function. (func-names)]]></failure></testcase>
<testcase time="0" name="org.eslint.prefer-arrow-callback"><failure message="Unexpected function expression."><![CDATA[line 14, col 12, Error - Unexpected function expression. (prefer-arrow-callback)]]></failure></testcase>
<testcase time="0" name="org.eslint.space-before-function-paren"><failure message="Missing space before function parentheses."><![CDATA[line 14, col 20, Error - Missing space before function parentheses. (space-before-function-paren)]]></failure></testcase>
<testcase time="0" name="org.eslint.padded-blocks"><failure message="Block must not be padded by blank lines."><![CDATA[line 24, col 1, Error - Block must not be padded by blank lines. (padded-blocks)]]></failure></testcase>
<testcase time="0" name="org.eslint.eol-last"><failure message="Newline required at end of file but not found."><![CDATA[line 24, col 4, Error - Newline required at end of file but not found. (eol-last)]]></failure></testcase>
</testsuite>
<testsuite package="org.eslint" time="0" tests="32" errors="32" name="/home/projects/github-fchm8v/test/controllers/VarientController.test.js">
<testcase time="0" name="org.eslint.no-var"><failure message="Unexpected var, use let or const instead."><![CDATA[line 1, col 1, Error - Unexpected var, use let or const instead. (no-var)]]></failure></testcase>
<testcase time="0" name="org.eslint.quotes"><failure message="Strings must use doublequote."><![CDATA[line 1, col 25, Error - Strings must use doublequote. (quotes)]]></failure></testcase>
<testcase time="0" name="org.eslint.no-var"><failure message="Unexpected var, use let or const instead."><![CDATA[line 2, col 1, Error - Unexpected var, use let or const instead. (no-var)]]></failure></testcase>
<testcase time="0" name="org.eslint.no-unused-vars"><failure message="&apos;assert&apos; is assigned a value but never used."><![CDATA[line 2, col 5, Error - &apos;assert&apos; is assigned a value but never used. (no-unused-vars)]]></failure></testcase>
<testcase time="0" name="org.eslint.quotes"><failure message="Strings must use doublequote."><![CDATA[line 2, col 22, Error - Strings must use doublequote. (quotes)]]></failure></testcase>
<testcase time="0" name="org.eslint.no-var"><failure message="Unexpected var, use let or const instead."><![CDATA[line 4, col 1, Error - Unexpected var, use let or const instead. (no-var)]]></failure></testcase>
<testcase time="0" name="org.eslint.no-unused-vars"><failure message="&apos;createdSegment&apos; is defined but never used."><![CDATA[line 4, col 5, Error - &apos;createdSegment&apos; is defined but never used. (no-unused-vars)]]></failure></testcase>
<testcase time="0" name="org.eslint.quotes"><failure message="Strings must use doublequote."><![CDATA[line 5, col 9, Error - Strings must use doublequote. (quotes)]]></failure></testcase>
<testcase time="0" name="org.eslint.vars-on-top"><failure message="All &apos;var&apos; declarations must be at the top of the function scope."><![CDATA[line 7, col 1, Error - All &apos;var&apos; declarations must be at the top of the function scope. (vars-on-top)]]></failure></testcase>
<testcase time="0" name="org.eslint.no-var"><failure message="Unexpected var, use let or const instead."><![CDATA[line 7, col 1, Error - Unexpected var, use let or const instead. (no-var)]]></failure></testcase>
<testcase time="0" name="org.eslint.no-unused-vars"><failure message="&apos;accessories&apos; is assigned a value but never used."><![CDATA[line 7, col 5, Error - &apos;accessories&apos; is assigned a value but never used. (no-unused-vars)]]></failure></testcase>
<testcase time="0" name="org.eslint.quotes"><failure message="Strings must use doublequote."><![CDATA[line 7, col 27, Error - Strings must use doublequote. (quotes)]]></failure></testcase>
<testcase time="0" name="org.eslint.no-undef"><failure message="&apos;describe&apos; is not defined."><![CDATA[line 9, col 1, Error - &apos;describe&apos; is not defined. (no-undef)]]></failure></testcase>
<testcase time="0" name="org.eslint.quotes"><failure message="Strings must use doublequote."><![CDATA[line 9, col 10, Error - Strings must use doublequote. (quotes)]]></failure></testcase>
<testcase time="0" name="org.eslint.func-names"><failure message="Unexpected unnamed function."><![CDATA[line 9, col 36, Warning - Unexpected unnamed function. (func-names)]]></failure></testcase>
<testcase time="0" name="org.eslint.prefer-arrow-callback"><failure message="Unexpected function expression."><![CDATA[line 9, col 36, Error - Unexpected function expression. (prefer-arrow-callback)]]></failure></testcase>
<testcase time="0" name="org.eslint.space-before-function-paren"><failure message="Missing space before function parentheses."><![CDATA[line 9, col 44, Error - Missing space before function parentheses. (space-before-function-paren)]]></failure></testcase>
<testcase time="0" name="org.eslint.padded-blocks"><failure message="Block must not be padded by blank lines."><![CDATA[line 9, col 47, Error - Block must not be padded by blank lines. (padded-blocks)]]></failure></testcase>
<testcase time="0" name="org.eslint.no-trailing-spaces"><failure message="Trailing spaces not allowed."><![CDATA[line 10, col 1, Error - Trailing spaces not allowed. (no-trailing-spaces)]]></failure></testcase>
<testcase time="0" name="org.eslint.no-undef"><failure message="&apos;it&apos; is not defined."><![CDATA[line 11, col 3, Error - &apos;it&apos; is not defined. (no-undef)]]></failure></testcase>
<testcase time="0" name="org.eslint.quotes"><failure message="Strings must use doublequote."><![CDATA[line 11, col 6, Error - Strings must use doublequote. (quotes)]]></failure></testcase>
<testcase time="0" name="org.eslint.func-names"><failure message="Unexpected unnamed function."><![CDATA[line 11, col 22, Warning - Unexpected unnamed function. (func-names)]]></failure></testcase>
<testcase time="0" name="org.eslint.prefer-arrow-callback"><failure message="Unexpected function expression."><![CDATA[line 11, col 22, Error - Unexpected function expression. (prefer-arrow-callback)]]></failure></testcase>
<testcase time="0" name="org.eslint.space-before-function-paren"><failure message="Missing space before function parentheses."><![CDATA[line 11, col 30, Error - Missing space before function parentheses. (space-before-function-paren)]]></failure></testcase>
<testcase time="0" name="org.eslint.no-var"><failure message="Unexpected var, use let or const instead."><![CDATA[line 12, col 5, Error - Unexpected var, use let or const instead. (no-var)]]></failure></testcase>
<testcase time="0" name="org.eslint.no-undef"><failure message="&apos;sails&apos; is not defined."><![CDATA[line 12, col 33, Error - &apos;sails&apos; is not defined. (no-undef)]]></failure></testcase>
<testcase time="0" name="org.eslint.quotes"><failure message="Strings must use doublequote."><![CDATA[line 14, col 12, Error - Strings must use doublequote. (quotes)]]></failure></testcase>
<testcase time="0" name="org.eslint.func-names"><failure message="Unexpected unnamed function."><![CDATA[line 17, col 12, Warning - Unexpected unnamed function. (func-names)]]></failure></testcase>
<testcase time="0" name="org.eslint.prefer-arrow-callback"><failure message="Unexpected function expression."><![CDATA[line 17, col 12, Error - Unexpected function expression. (prefer-arrow-callback)]]></failure></testcase>
<testcase time="0" name="org.eslint.space-before-function-paren"><failure message="Missing space before function parentheses."><![CDATA[line 17, col 20, Error - Missing space before function parentheses. (space-before-function-paren)]]></failure></testcase>
<testcase time="0" name="org.eslint.padded-blocks"><failure message="Block must not be padded by blank lines."><![CDATA[line 27, col 1, Error - Block must not be padded by blank lines. (padded-blocks)]]></failure></testcase>
<testcase time="0" name="org.eslint.eol-last"><failure message="Newline required at end of file but not found."><![CDATA[line 27, col 4, Error - Newline required at end of file but not found. (eol-last)]]></failure></testcase>
</testsuite>
<testsuite package="org.eslint" time="0" tests="10" errors="10" name="/home/projects/github-fchm8v/test/models/Accessories.test.js">
<testcase time="0" name="org.eslint.quotes"><failure message="Strings must use doublequote."><![CDATA[line 4, col 13, Error - Strings must use doublequote. (quotes)]]></failure></testcase>
<testcase time="0" name="org.eslint.comma-dangle"><failure message="Missing trailing comma."><![CDATA[line 6, col 23, Error - Missing trailing comma. (comma-dangle)]]></failure></testcase>
<testcase time="0" name="org.eslint.quotes"><failure message="Strings must use doublequote."><![CDATA[line 9, col 13, Error - Strings must use doublequote. (quotes)]]></failure></testcase>
<testcase time="0" name="org.eslint.comma-dangle"><failure message="Missing trailing comma."><![CDATA[line 11, col 19, Error - Missing trailing comma. (comma-dangle)]]></failure></testcase>
<testcase time="0" name="org.eslint.key-spacing"><failure message="Missing space before value for key &apos;price&apos;."><![CDATA[line 13, col 11, Error - Missing space before value for key &apos;price&apos;. (key-spacing)]]></failure></testcase>
<testcase time="0" name="org.eslint.quotes"><failure message="Strings must use doublequote."><![CDATA[line 14, col 13, Error - Strings must use doublequote. (quotes)]]></failure></testcase>
<testcase time="0" name="org.eslint.comma-dangle"><failure message="Missing trailing comma."><![CDATA[line 14, col 22, Error - Missing trailing comma. (comma-dangle)]]></failure></testcase>
<testcase time="0" name="org.eslint.comma-dangle"><failure message="Missing trailing comma."><![CDATA[line 18, col 25, Error - Missing trailing comma. (comma-dangle)]]></failure></testcase>
<testcase time="0" name="org.eslint.comma-dangle"><failure message="Missing trailing comma."><![CDATA[line 19, col 6, Error - Missing trailing comma. (comma-dangle)]]></failure></testcase>
<testcase time="0" name="org.eslint.comma-dangle"><failure message="Missing trailing comma."><![CDATA[line 20, col 4, Error - Missing trailing comma. (comma-dangle)]]></failure></testcase>
</testsuite>
<testsuite package="org.eslint" time="0" tests="41" errors="41" name="/home/projects/github-fchm8v/test/models/Cars.test.js">
<testcase time="0" name="org.eslint.quotes"><failure message="Strings must use doublequote."><![CDATA[line 4, col 13, Error - Strings must use doublequote. (quotes)]]></failure></testcase>
<testcase time="0" name="org.eslint.comma-dangle"><failure message="Missing trailing comma."><![CDATA[line 6, col 23, Error - Missing trailing comma. (comma-dangle)]]></failure></testcase>
<testcase time="0" name="org.eslint.quotes"><failure message="Strings must use doublequote."><![CDATA[line 9, col 13, Error - Strings must use doublequote. (quotes)]]></failure></testcase>
<testcase time="0" name="org.eslint.comma-dangle"><failure message="Missing trailing comma."><![CDATA[line 10, col 21, Error - Missing trailing comma. (comma-dangle)]]></failure></testcase>
<testcase time="0" name="org.eslint.quotes"><failure message="Strings must use doublequote."><![CDATA[line 13, col 14, Error - Strings must use doublequote. (quotes)]]></failure></testcase>
<testcase time="0" name="org.eslint.comma-dangle"><failure message="Missing trailing comma."><![CDATA[line 13, col 23, Error - Missing trailing comma. (comma-dangle)]]></failure></testcase>
<testcase time="0" name="org.eslint.quotes"><failure message="Strings must use doublequote."><![CDATA[line 16, col 14, Error - Strings must use doublequote. (quotes)]]></failure></testcase>
<testcase time="0" name="org.eslint.comma-dangle"><failure message="Missing trailing comma."><![CDATA[line 16, col 28, Error - Missing trailing comma. (comma-dangle)]]></failure></testcase>
<testcase time="0" name="org.eslint.comma-dangle"><failure message="Missing trailing comma."><![CDATA[line 21, col 21, Error - Missing trailing comma. (comma-dangle)]]></failure></testcase>
<testcase time="0" name="org.eslint.key-spacing"><failure message="Missing space before value for key &apos;accessories&apos;."><![CDATA[line 23, col 17, Error - Missing space before value for key &apos;accessories&apos;. (key-spacing)]]></failure></testcase>
<testcase time="0" name="org.eslint.comma-dangle"><failure message="Missing trailing comma."><![CDATA[line 26, col 21, Error - Missing trailing comma. (comma-dangle)]]></failure></testcase>
<testcase time="0" name="org.eslint.quotes"><failure message="Strings must use doublequote."><![CDATA[line 29, col 13, Error - Strings must use doublequote. (quotes)]]></failure></testcase>
<testcase time="0" name="org.eslint.comma-dangle"><failure message="Missing trailing comma."><![CDATA[line 30, col 6, Error - Missing trailing comma. (comma-dangle)]]></failure></testcase>
<testcase time="0" name="org.eslint.object-shorthand"><failure message="Expected method shorthand."><![CDATA[line 33, col 3, Error - Expected method shorthand. (object-shorthand)]]></failure></testcase>
<testcase time="0" name="org.eslint.func-names"><failure message="Unexpected unnamed method &apos;beforeCreate&apos;."><![CDATA[line 33, col 17, Warning - Unexpected unnamed method &apos;beforeCreate&apos;. (func-names)]]></failure></testcase>
<testcase time="0" name="org.eslint.space-before-function-paren"><failure message="Missing space before function parentheses."><![CDATA[line 33, col 25, Error - Missing space before function parentheses. (space-before-function-paren)]]></failure></testcase>
<testcase time="0" name="org.eslint.no-undef"><failure message="&apos;Manufacturer&apos; is not defined."><![CDATA[line 34, col 5, Error - &apos;Manufacturer&apos; is not defined. (no-undef)]]></failure></testcase>
<testcase time="0" name="org.eslint.comma-dangle"><failure message="Missing trailing comma."><![CDATA[line 35, col 34, Error - Missing trailing comma. (comma-dangle)]]></failure></testcase>
<testcase time="0" name="org.eslint.func-names"><failure message="Unexpected unnamed function."><![CDATA[line 37, col 13, Warning - Unexpected unnamed function. (func-names)]]></failure></testcase>
<testcase time="0" name="org.eslint.prefer-arrow-callback"><failure message="Unexpected function expression."><![CDATA[line 37, col 13, Error - Unexpected function expression. (prefer-arrow-callback)]]></failure></testcase>
<testcase time="0" name="org.eslint.space-before-function-paren"><failure message="Missing space before function parentheses."><![CDATA[line 37, col 21, Error - Missing space before function parentheses. (space-before-function-paren)]]></failure></testcase>
<testcase time="0" name="org.eslint.eqeqeq"><failure message="Expected &apos;===&apos; and instead saw &apos;==&apos;."><![CDATA[line 38, col 26, Error - Expected &apos;===&apos; and instead saw &apos;==&apos;. (eqeqeq)]]></failure></testcase>
<testcase time="0" name="org.eslint.vars-on-top"><failure message="All &apos;var&apos; declarations must be at the top of the function scope."><![CDATA[line 39, col 11, Error - All &apos;var&apos; declarations must be at the top of the function scope. (vars-on-top)]]></failure></testcase>
<testcase time="0" name="org.eslint.no-var"><failure message="Unexpected var, use let or const instead."><![CDATA[line 39, col 11, Error - Unexpected var, use let or const instead. (no-var)]]></failure></testcase>
<testcase time="0" name="org.eslint.global-require"><failure message="Unexpected require()."><![CDATA[line 40, col 31, Error - Unexpected require(). (global-require)]]></failure></testcase>
<testcase time="0" name="org.eslint.quotes"><failure message="Strings must use doublequote."><![CDATA[line 40, col 39, Error - Strings must use doublequote. (quotes)]]></failure></testcase>
<testcase time="0" name="org.eslint.quotes"><failure message="Strings must use doublequote."><![CDATA[line 40, col 54, Error - Strings must use doublequote. (quotes)]]></failure></testcase>
<testcase time="0" name="org.eslint.no-undef"><failure message="&apos;Segment&apos; is not defined."><![CDATA[line 44, col 11, Error - &apos;Segment&apos; is not defined. (no-undef)]]></failure></testcase>
<testcase time="0" name="org.eslint.comma-dangle"><failure message="Missing trailing comma."><![CDATA[line 45, col 35, Error - Missing trailing comma. (comma-dangle)]]></failure></testcase>
<testcase time="0" name="org.eslint.func-names"><failure message="Unexpected unnamed function."><![CDATA[line 47, col 19, Warning - Unexpected unnamed function. (func-names)]]></failure></testcase>
<testcase time="0" name="org.eslint.prefer-arrow-callback"><failure message="Unexpected function expression."><![CDATA[line 47, col 19, Error - Unexpected function expression. (prefer-arrow-callback)]]></failure></testcase>
<testcase time="0" name="org.eslint.space-before-function-paren"><failure message="Missing space before function parentheses."><![CDATA[line 47, col 27, Error - Missing space before function parentheses. (space-before-function-paren)]]></failure></testcase>
<testcase time="0" name="org.eslint.no-shadow"><failure message="&apos;err&apos; is already declared in the upper scope."><![CDATA[line 47, col 28, Error - &apos;err&apos; is already declared in the upper scope. (no-shadow)]]></failure></testcase>
<testcase time="0" name="org.eslint.eqeqeq"><failure message="Expected &apos;===&apos; and instead saw &apos;==&apos;."><![CDATA[line 48, col 27, Error - Expected &apos;===&apos; and instead saw &apos;==&apos;. (eqeqeq)]]></failure></testcase>
<testcase time="0" name="org.eslint.vars-on-top"><failure message="All &apos;var&apos; declarations must be at the top of the function scope."><![CDATA[line 49, col 17, Error - All &apos;var&apos; declarations must be at the top of the function scope. (vars-on-top)]]></failure></testcase>
<testcase time="0" name="org.eslint.no-var"><failure message="Unexpected var, use let or const instead."><![CDATA[line 49, col 17, Error - Unexpected var, use let or const instead. (no-var)]]></failure></testcase>
<testcase time="0" name="org.eslint.no-shadow"><failure message="&apos;notExists&apos; is already declared in the upper scope."><![CDATA[line 49, col 21, Error - &apos;notExists&apos; is already declared in the upper scope. (no-shadow)]]></failure></testcase>
<testcase time="0" name="org.eslint.global-require"><failure message="Unexpected require()."><![CDATA[line 50, col 37, Error - Unexpected require(). (global-require)]]></failure></testcase>
<testcase time="0" name="org.eslint.quotes"><failure message="Strings must use doublequote."><![CDATA[line 50, col 45, Error - Strings must use doublequote. (quotes)]]></failure></testcase>
<testcase time="0" name="org.eslint.quotes"><failure message="Strings must use doublequote."><![CDATA[line 50, col 60, Error - Strings must use doublequote. (quotes)]]></failure></testcase>
<testcase time="0" name="org.eslint.comma-dangle"><failure message="Missing trailing comma."><![CDATA[line 59, col 4, Error - Missing trailing comma. (comma-dangle)]]></failure></testcase>
</testsuite>
<testsuite package="org.eslint" time="0" tests="9" errors="9" name="/home/projects/github-fchm8v/test/models/Manufacturer.test.js">
<testcase time="0" name="org.eslint.quotes"><failure message="Strings must use doublequote."><![CDATA[line 4, col 13, Error - Strings must use doublequote. (quotes)]]></failure></testcase>
<testcase time="0" name="org.eslint.comma-dangle"><failure message="Missing trailing comma."><![CDATA[line 6, col 23, Error - Missing trailing comma. (comma-dangle)]]></failure></testcase>
<testcase time="0" name="org.eslint.quotes"><failure message="Strings must use doublequote."><![CDATA[line 9, col 13, Error - Strings must use doublequote. (quotes)]]></failure></testcase>
<testcase time="0" name="org.eslint.comma-dangle"><failure message="Missing trailing comma."><![CDATA[line 11, col 19, Error - Missing trailing comma. (comma-dangle)]]></failure></testcase>
<testcase time="0" name="org.eslint.quotes"><failure message="Strings must use doublequote."><![CDATA[line 14, col 19, Error - Strings must use doublequote. (quotes)]]></failure></testcase>
<testcase time="0" name="org.eslint.quotes"><failure message="Strings must use doublequote."><![CDATA[line 15, col 12, Error - Strings must use doublequote. (quotes)]]></failure></testcase>
<testcase time="0" name="org.eslint.comma-dangle"><failure message="Missing trailing comma."><![CDATA[line 15, col 26, Error - Missing trailing comma. (comma-dangle)]]></failure></testcase>
<testcase time="0" name="org.eslint.comma-dangle"><failure message="Missing trailing comma."><![CDATA[line 16, col 6, Error - Missing trailing comma. (comma-dangle)]]></failure></testcase>
<testcase time="0" name="org.eslint.comma-dangle"><failure message="Missing trailing comma."><![CDATA[line 17, col 4, Error - Missing trailing comma. (comma-dangle)]]></failure></testcase>
</testsuite>
<testsuite package="org.eslint" time="0" tests="9" errors="9" name="/home/projects/github-fchm8v/test/models/Segment.test.js">
<testcase time="0" name="org.eslint.quotes"><failure message="Strings must use doublequote."><![CDATA[line 4, col 13, Error - Strings must use doublequote. (quotes)]]></failure></testcase>
<testcase time="0" name="org.eslint.comma-dangle"><failure message="Missing trailing comma."><![CDATA[line 6, col 23, Error - Missing trailing comma. (comma-dangle)]]></failure></testcase>
<testcase time="0" name="org.eslint.quotes"><failure message="Strings must use doublequote."><![CDATA[line 9, col 13, Error - Strings must use doublequote. (quotes)]]></failure></testcase>
<testcase time="0" name="org.eslint.comma-dangle"><failure message="Missing trailing comma."><![CDATA[line 11, col 19, Error - Missing trailing comma. (comma-dangle)]]></failure></testcase>
<testcase time="0" name="org.eslint.quotes"><failure message="Strings must use doublequote."><![CDATA[line 14, col 19, Error - Strings must use doublequote. (quotes)]]></failure></testcase>
<testcase time="0" name="org.eslint.quotes"><failure message="Strings must use doublequote."><![CDATA[line 15, col 12, Error - Strings must use doublequote. (quotes)]]></failure></testcase>
<testcase time="0" name="org.eslint.comma-dangle"><failure message="Missing trailing comma."><![CDATA[line 15, col 21, Error - Missing trailing comma. (comma-dangle)]]></failure></testcase>
<testcase time="0" name="org.eslint.comma-dangle"><failure message="Missing trailing comma."><![CDATA[line 16, col 6, Error - Missing trailing comma. (comma-dangle)]]></failure></testcase>
<testcase time="0" name="org.eslint.comma-dangle"><failure message="Missing trailing comma."><![CDATA[line 17, col 4, Error - Missing trailing comma. (comma-dangle)]]></failure></testcase>
</testsuite>
<testsuite package="org.eslint" time="0" tests="14" errors="14" name="/home/projects/github-fchm8v/test/models/Varient.test.js">
<testcase time="0" name="org.eslint.quotes"><failure message="Strings must use doublequote."><![CDATA[line 4, col 13, Error - Strings must use doublequote. (quotes)]]></failure></testcase>
<testcase time="0" name="org.eslint.comma-dangle"><failure message="Missing trailing comma."><![CDATA[line 6, col 23, Error - Missing trailing comma. (comma-dangle)]]></failure></testcase>
<testcase time="0" name="org.eslint.quotes"><failure message="Strings must use doublequote."><![CDATA[line 9, col 13, Error - Strings must use doublequote. (quotes)]]></failure></testcase>
<testcase time="0" name="org.eslint.comma-dangle"><failure message="Missing trailing comma."><![CDATA[line 11, col 19, Error - Missing trailing comma. (comma-dangle)]]></failure></testcase>
<testcase time="0" name="org.eslint.quotes"><failure message="Strings must use doublequote."><![CDATA[line 14, col 13, Error - Strings must use doublequote. (quotes)]]></failure></testcase>
<testcase time="0" name="org.eslint.quotes"><failure message="Strings must use doublequote."><![CDATA[line 15, col 14, Error - Strings must use doublequote. (quotes)]]></failure></testcase>
<testcase time="0" name="org.eslint.quotes"><failure message="Strings must use doublequote."><![CDATA[line 15, col 24, Error - Strings must use doublequote. (quotes)]]></failure></testcase>
<testcase time="0" name="org.eslint.quotes"><failure message="Strings must use doublequote."><![CDATA[line 15, col 34, Error - Strings must use doublequote. (quotes)]]></failure></testcase>
<testcase time="0" name="org.eslint.comma-dangle"><failure message="Missing trailing comma."><![CDATA[line 15, col 43, Error - Missing trailing comma. (comma-dangle)]]></failure></testcase>
<testcase time="0" name="org.eslint.quotes"><failure message="Strings must use doublequote."><![CDATA[line 18, col 13, Error - Strings must use doublequote. (quotes)]]></failure></testcase>
<testcase time="0" name="org.eslint.quotes"><failure message="Strings must use doublequote."><![CDATA[line 21, col 13, Error - Strings must use doublequote. (quotes)]]></failure></testcase>
<testcase time="0" name="org.eslint.comma-dangle"><failure message="Missing trailing comma."><![CDATA[line 25, col 22, Error - Missing trailing comma. (comma-dangle)]]></failure></testcase>
<testcase time="0" name="org.eslint.comma-dangle"><failure message="Missing trailing comma."><![CDATA[line 26, col 6, Error - Missing trailing comma. (comma-dangle)]]></failure></testcase>
<testcase time="0" name="org.eslint.comma-dangle"><failure message="Missing trailing comma."><![CDATA[line 27, col 4, Error - Missing trailing comma. (comma-dangle)]]></failure></testcase>
</testsuite>
</testsuites>
